Operating system: Microsoft Windows NT 6.2.9200.0
Opening INI file "C:\Users\DevelopersComp\Downloads\Source Code\Sonic-4-Episode-1-Genesis\Sonic 1 Project 128 INIs\SonLVL.ini"...
Game type is S3K.
Loading Green Hill Zone Act 1...
Loading 8x8 tiles from file "../artnem/8x8ghzkos.bin", using compression KosinskiM...
Loading 16x16 blocks from file "../map16/map16 128/ghz.bin", using compression Kosinski...
Loading palette file "../pallet/sonic.bin"...
Source: 0 Destination: 0 Length: 16
128x128 chunk file "../map16/map16 256/ghz.bin" not found.
Loading palette file "../pallet/ghz.bin"...
Source: 0 Destination: 16 Length: 48
Unable to read file "../artnem/8x8ghzkos.bin" with compression KosinskiM:
Loading layout from file "../levels/levels 128/ghz1.bin", using compression Uncompressed...
System.AggregateException: One or more errors occurred. ---> System.IO.IOException: An attempt was made to move the position before the beginning of the stream.
   at System.IO.MemoryStream.Seek(Int64 offset, SeekOrigin loc)
   at SonicRetro.KensSharp.Kosinski.DecodeInternal(Stream source, Stream destination, Int64& decompressedBytes)
   at SonicRetro.KensSharp.Kosinski.Decode(Stream source, Stream destination, Endianness headerEndianness)
   at SonicRetro.KensSharp.ModuledKosinski.Decompress(Stream input, Stream output, Endianness headerEndianness)
   at SonicRetro.KensSharp.ModuledKosinski.Decompress(String sourceFilePath, Endianness headerEndianness)
   at SonicRetro.SonLVL.API.Compression.Decompress(String file, CompressionType cmp) in E:\AutoBuild\SonLVL\SonLVLAPI\Compression.cs:line 51
   at SonicRetro.SonLVL.API.LevelData.LoadLevelTiles() in E:\AutoBuild\SonLVL\SonLVLAPI\LevelData.cs:line 454
   at System.Threading.Tasks.Task.InnerInvoke()
   at System.Threading.Tasks.Task.Execute()
   --- End of inner exception stack trace ---
   at System.Threading.Tasks.Task.WaitAll(Task[] tasks, Int32 millisecondsTimeout, CancellationToken cancellationToken)
   at System.Threading.Tasks.Task.WaitAll(Task[] tasks, Int32 millisecondsTimeout)
   at System.Threading.Tasks.Parallel.Invoke(ParallelOptions parallelOptions, Action[] actions)
   at System.Threading.Tasks.Parallel.Invoke(Action[] actions)
   at SonicRetro.SonLVL.API.LevelData.LoadLevel(String levelname, Boolean loadGraphics) in E:\AutoBuild\SonLVL\SonLVLAPI\LevelData.cs:line 164
   at SonicRetro.SonLVL.GUI.MainForm.backgroundLevelLoader_DoWork(Object sender, DoWorkEventArgs e) in E:\AutoBuild\SonLVL\SonLVL\MainForm.cs:line 560
---> (Inner Exception #0) System.IO.IOException: An attempt was made to move the position before the beginning of the stream.
   at System.IO.MemoryStream.Seek(Int64 offset, SeekOrigin loc)
   at SonicRetro.KensSharp.Kosinski.DecodeInternal(Stream source, Stream destination, Int64& decompressedBytes)
   at SonicRetro.KensSharp.Kosinski.Decode(Stream source, Stream destination, Endianness headerEndianness)
   at SonicRetro.KensSharp.ModuledKosinski.Decompress(Stream input, Stream output, Endianness headerEndianness)
   at SonicRetro.KensSharp.ModuledKosinski.Decompress(String sourceFilePath, Endianness headerEndianness)
   at SonicRetro.SonLVL.API.Compression.Decompress(String file, CompressionType cmp) in E:\AutoBuild\SonLVL\SonLVLAPI\Compression.cs:line 51
   at SonicRetro.SonLVL.API.LevelData.LoadLevelTiles() in E:\AutoBuild\SonLVL\SonLVLAPI\LevelData.cs:line 454
   at System.Threading.Tasks.Task.InnerInvoke()
   at System.Threading.Tasks.Task.Execute()<---

