Operating system: Microsoft Windows NT 6.1.7601 Service Pack 1
Opening INI file "C:\Users\STERL\Downloads\Centiseconds in Sonic 1\Source Code\Sonic 1 2005 INIs\SonLVL.ini"...
Game type is S1.
Loading Green Hill Zone Act 1...
Loading 8x8 tiles from file "../artnem/8x8ghz1.bin", using compression Nemesis...
Unable to read file "../artnem/8x8ghz1.bin" with compression Nemesis:
SonicRetro.KensSharp.CompressionException: A bit code is already used as a prefix for other codes.
   at SonicRetro.KensSharp.Nemesis.DecodingCodeTreeNode.SetCode(Byte code, Int32 length, NibbleRun nibbleRun) in C:\RetroSVN\Programs\KENSSharp\Nemesis\Nemesis.impl.cs:line 863
   at SonicRetro.KensSharp.Nemesis.DecodeHeader(Stream input, Stream output, DecodingCodeTreeNode codeTree) in C:\RetroSVN\Programs\KENSSharp\Nemesis\Nemesis.impl.cs:line 638
   at SonicRetro.KensSharp.Nemesis.Decode(Stream input, Stream output) in C:\RetroSVN\Programs\KENSSharp\Nemesis\Nemesis.impl.cs:line 620
   at SonicRetro.KensSharp.Nemesis.Decompress(Stream input, Stream output) in C:\RetroSVN\Programs\KENSSharp\Nemesis\Nemesis.cs:line 66
   at SonicRetro.KensSharp.Nemesis.Decompress(String sourceFilePath) in C:\RetroSVN\Programs\KENSSharp\Nemesis\Nemesis.cs:line 14
   at SonicRetro.SonLVL.API.Compression.Decompress(String file, CompressionType cmp) in C:\RetroSVN\Programs\SonLVL\SonLVLAPI\Compression.cs:line 42
   at SonicRetro.SonLVL.API.LevelData.LoadLevel(String levelname, Boolean loadGraphics) in C:\RetroSVN\Programs\SonLVL\SonLVLAPI\LevelData.cs:line 157
   at SonicRetro.SonLVL.GUI.MainForm.backgroundLevelLoader_DoWork(Object sender, DoWorkEventArgs e) in C:\RetroSVN\Programs\SonLVL\SonLVL\MainForm.cs:line 349
Opening INI file "C:\Users\STERL\Downloads\Centiseconds in Sonic 1\Source Code\Sonic 1 SVN INIs\S1LVL.ini"...
Game type is S1.
Loading Green Hill Zone Act 1...
8x8 tile file "../artnem/8x8 - GHZ1.bin" not found.
8x8 tile file "../artnem/8x8 - GHZ2.bin" not found.
Loading 16x16 blocks from file "../map16/GHZ.bin", using compression Enigma...
Loading 256x256 chunks from file "../map256/GHZ.bin", using compression Kosinski...
Loading FG layout from file "../levels/ghz1.bin", using compression Uncompressed...
Loading BG layout from file "../levels/ghzbg.bin", using compression Uncompressed...
Loading palette file "../palette/Sonic.bin"...
Source: 0 Destination: 0 Length: 16
System.IO.FileNotFoundException: Palette file could not be loaded! Have you set up your disassembly properly?
File name: '../palette/Sonic.bin'
   at SonicRetro.SonLVL.API.LevelData.LoadLevel(String levelname, Boolean loadGraphics) in C:\RetroSVN\Programs\SonLVL\SonLVLAPI\LevelData.cs:line 476
   at SonicRetro.SonLVL.GUI.MainForm.backgroundLevelLoader_DoWork(Object sender, DoWorkEventArgs e) in C:\RetroSVN\Programs\SonLVL\SonLVL\MainForm.cs:line 349
